0001_0029_0018_0067_0067.jpg 1 29 18 67 67
0002_0029_0032_0061_0061.jpg 1 29 32 61 61
0003_0004_0006_0063_0063.jpg 1 4 6 63 63
0004_0008_0035_0031_0031.jpg 1 8 35 31 31
0005_0017_0008_0063_0063.jpg 1 17 8 63 63
0006_0022_0040_0054_0054.jpg 1 22 40 54 54
0007_0022_0012_0043_0043.jpg 1 22 12 43 43
0008_0030_0022_0058_0058.jpg 1 30 22 58 58
0009_0012_0029_0054_0054.jpg 1 12 29 54 54
0010_0007_0022_0056_0056.jpg 1 7 22 56 56
0011_0018_0009_0050_0050.jpg 1 18 9 50 50
0012_0030_0034_0059_0059.jpg 1 30 34 59 59
0013_0022_0011_0041_0041.jpg 1 22 11 41 41
0014_0012_0005_0059_0059.jpg 1 12 5 59 59
0015_0013_0048_0033_0033.jpg 1 13 48 33 33
0016_0046_0041_0042_0042.jpg 1 46 41 42 42
0017_0020_0026_0058_0058.jpg 1 20 26 58 58
0018_0005_0034_0051_0051.jpg 1 5 34 51 51
0019_0036_0007_0052_0052.jpg 1 36 7 52 52
0020_0021_0007_0058_0058.jpg 1 21 7 58 58
0021_0013_0027_0051_0051.jpg 1 13 27 51 51
0022_0045_0052_0041_0041.jpg 1 45 52 41 41
0023_0021_0054_0029_0029.jpg 1 21 54 29 29
0024_0043_0024_0041_0041.jpg 1 43 24 41 41
0025_0013_0025_0035_0035.jpg 1 13 25 35 35
0026_0015_0031_0039_0039.jpg 1 15 31 39 39
0027_0028_0008_0046_0046.jpg 1 28 8 46 46
0028_0032_0029_0055_0055.jpg 1 32 29 55 55
0029_0019_0036_0043_0043.jpg 1 19 36 43 43
0030_0026_0029_0033_0033.jpg 1 26 29 33 33
0031_0011_0030_0040_0040.jpg 1 11 30 40 40
0032_0052_0025_0031_0031.jpg 1 52 25 31 31
0033_0008_0050_0042_0042.jpg 1 8 50 42 42
0034_0003_0010_0069_0069.jpg 1 3 10 69 69
0035_0024_0022_0065_0065.jpg 1 24 22 65 65
0036_0031_0008_0054_0054.jpg 1 31 8 54 54
0037_0042_0025_0024_0024.jpg 1 42 25 24 24
0038_0044_0019_0031_0031.jpg 1 44 19 31 31
0039_0005_0008_0051_0051.jpg 1 5 8 51 51
0040_0010_0030_0043_0043.jpg 1 10 30 43 43
0041_0035_0042_0048_0048.jpg 1 35 42 48 48
0042_0024_0048_0036_0036.jpg 1 24 48 36 36
0043_0027_0034_0061_0061.jpg 1 27 34 61 61
0044_0009_0029_0058_0058.jpg 1 9 29 58 58
0045_0041_0008_0032_0032.jpg 1 41 8 32 32
0046_0047_0022_0046_0046.jpg 1 47 22 46 46
0047_0056_0043_0029_0029.jpg 1 56 43 29 29
0048_0027_0015_0037_0037.jpg 1 27 15 37 37
0049_0024_0027_0063_0063.jpg 1 24 27 63 63
0050_0019_0042_0039_0039.jpg 1 19 42 39 39
0051_0045_0038_0042_0042.jpg 1 45 38 42 42
0052_0012_0019_0029_0029.jpg 1 12 19 29 29
0053_0007_0033_0038_0038.jpg 1 7 33 38 38
0054_0015_0017_0069_0069.jpg 1 15 17 69 69
0055_0052_0009_0041_0041.jpg 1 52 9 41 41
0056_0023_0018_0043_0043.jpg 1 23 18 43 43
0057_0042_0023_0024_0024.jpg 1 42 23 24 24
0058_0019_0015_0055_0055.jpg 1 19 15 55 55
0059_0034_0013_0055_0055.jpg 1 34 13 55 55
0060_0036_0044_0045_0045.jpg 1 36 44 45 45
0061_0037_0030_0043_0043.jpg 1 37 30 43 43
0062_0031_0022_0032_0032.jpg 1 31 22 32 32
0063_0025_0048_0025_0025.jpg 1 25 48 25 25
0064_0023_0025_0058_0058.jpg 1 23 25 58 58
0065_0034_0025_0060_0060.jpg 1 34 25 60 60
0066_0032_0022_0039_0039.jpg 1 32 22 39 39
0067_0061_0062_0024_0024.jpg 1 61 62 24 24
0068_0009_0025_0062_0062.jpg 1 9 25 62 62
0069_0030_0049_0032_0032.jpg 1 30 49 32 32
0070_0019_0035_0060_0060.jpg 1 19 35 60 60
0071_0029_0024_0063_0063.jpg 1 29 24 63 63
0072_0014_0011_0051_0051.jpg 1 14 11 51 51
0073_0027_0041_0050_0050.jpg 1 27 41 50 50
0074_0011_0044_0038_0038.jpg 1 11 44 38 38
0075_0027_0043_0032_0032.jpg 1 27 43 32 32
0076_0027_0019_0031_0031.jpg 1 27 19 31 31
0077_0035_0016_0047_0047.jpg 1 35 16 47 47
0078_0027_0031_0063_0063.jpg 1 27 31 63 63
0079_0007_0008_0066_0066.jpg 1 7 8 66 66
0080_0038_0024_0049_0049.jpg 1 38 24 49 49
0081_0035_0032_0050_0050.jpg 1 35 32 50 50
0082_0060_0023_0028_0028.jpg 1 60 23 28 28
0083_0013_0022_0066_0066.jpg 1 13 22 66 66
0084_0029_0057_0033_0033.jpg 1 29 57 33 33
0085_0032_0005_0047_0047.jpg 1 32 5 47 47
0086_0051_0019_0037_0037.jpg 1 51 19 37 37
0087_0035_0021_0045_0045.jpg 1 35 21 45 45
0088_0066_0012_0024_0024.jpg 1 66 12 24 24
0089_0032_0053_0041_0041.jpg 1 32 53 41 41
0090_0049_0044_0041_0041.jpg 1 49 44 41 41
0091_0019_0010_0069_0069.jpg 1 19 10 69 69
0092_0027_0048_0039_0039.jpg 1 27 48 39 39
0093_0037_0024_0053_0053.jpg 1 37 24 53 53
0094_0032_0036_0028_0028.jpg 1 32 36 28 28
0095_0014_0041_0033_0033.jpg 1 14 41 33 33
0096_0030_0032_0062_0062.jpg 1 30 32 62 62
0097_0019_0041_0039_0039.jpg 1 19 41 39 39
0098_0022_0035_0036_0036.jpg 1 22 35 36 36
0099_0044_0042_0027_0027.jpg 1 44 42 27 27
0100_0055_0019_0028_0028.jpg 1 55 19 28 28
0101_0058_0052_0034_0034.jpg 1 58 52 34 34
0102_0014_0056_0029_0029.jpg 1 14 56 29 29
0103_0039_0034_0036_0036.jpg 1 39 34 36 36
0104_0021_0040_0048_0048.jpg 1 21 40 48 48
0105_0006_0019_0055_0055.jpg 1 6 19 55 55
0106_0030_0027_0035_0035.jpg 1 30 27 35 35
0107_0038_0034_0027_0027.jpg 1 38 34 27 27
0108_0010_0033_0024_0024.jpg 1 10 33 24 24
0109_0027_0040_0047_0047.jpg 1 27 40 47 47
0110_0025_0014_0052_0052.jpg 1 25 14 52 52
0111_0020_0011_0069_0069.jpg 1 20 11 69 69
0112_0023_0064_0027_0027.jpg 1 23 64 27 27
0113_0012_0030_0042_0042.jpg 1 12 30 42 42
0114_0017_0009_0049_0049.jpg 1 17 9 49 49
0115_0020_0018_0060_0060.jpg 1 20 18 60 60
0116_0043_0044_0043_0043.jpg 1 43 44 43 43
0117_0039_0024_0055_0055.jpg 1 39 24 55 55
0118_0008_0058_0032_0032.jpg 1 8 58 32 32
0119_0039_0030_0049_0049.jpg 1 39 30 49 49
0120_0022_0018_0027_0027.jpg 1 22 18 27 27
0121_0020_0056_0034_0034.jpg 1 20 56 34 34
0122_0007_0005_0061_0061.jpg 1 7 5 61 61
0123_0033_0023_0032_0032.jpg 1 33 23 32 32
0124_0017_0024_0069_0069.jpg 1 17 24 69 69
0125_0043_0024_0049_0049.jpg 1 43 24 49 49
0126_0020_0007_0066_0066.jpg 1 20 7 66 66
0127_0040_0011_0040_0040.jpg 1 40 11 40 40
0128_0055_0025_0034_0034.jpg 1 55 25 34 34
0129_0023_0048_0039_0039.jpg 1 23 48 39 39
0130_0030_0022_0064_0064.jpg 1 30 22 64 64
0131_0011_0016_0036_0036.jpg 1 11 16 36 36
0132_0024_0016_0029_0029.jpg 1 24 16 29 29
0133_0059_0036_0026_0026.jpg 1 59 36 26 26
0134_0020_0031_0039_0039.jpg 1 20 31 39 39
0135_0016_0016_0065_0065.jpg 1 16 16 65 65
0136_0038_0007_0031_0031.jpg 1 38 7 31 31
0137_0047_0046_0047_0047.jpg 1 47 46 47 47
0138_0041_0024_0039_0039.jpg 1 41 24 39 39
0139_0012_0025_0039_0039.jpg 1 12 25 39 39
0140_0015_0018_0068_0068.jpg 1 15 18 68 68
0141_0029_0046_0030_0030.jpg 1 29 46 30 30
0142_0018_0025_0056_0056.jpg 1 18 25 56 56
0143_0033_0022_0045_0045.jpg 1 33 22 45 45
0144_0029_0022_0044_0044.jpg 1 29 22 44 44
0145_0019_0036_0041_0041.jpg 1 19 36 41 41
0146_0012_0054_0029_0029.jpg 1 12 54 29 29
0147_0044_0027_0040_0040.jpg 1 44 27 40 40
0148_0021_0041_0049_0049.jpg 1 21 41 49 49
0149_0004_0031_0060_0060.jpg 1 4 31 60 60
0150_0056_0052_0033_0033.jpg 1 56 52 33 33
0151_0030_0014_0056_0056.jpg 1 30 14 56 56
0152_0020_0020_0036_0036.jpg 1 20 20 36 36
0153_0036_0017_0046_0046.jpg 1 36 17 46 46
0154_0054_0016_0038_0038.jpg 1 54 16 38 38
0155_0046_0007_0044_0044.jpg 1 46 7 44 44
0156_0019_0041_0052_0052.jpg 1 19 41 52 52
0157_0044_0047_0036_0036.jpg 1 44 47 36 36
0158_0054_0007_0032_0032.jpg 1 54 7 32 32
0159_0044_0011_0030_0030.jpg 1 44 11 30 30
0160_0022_0017_0065_0065.jpg 1 22 17 65 65
0161_0015_0007_0043_0043.jpg 1 15 7 43 43
0162_0017_0028_0052_0052.jpg 1 17 28 52 52
0163_0032_0028_0043_0043.jpg 1 32 28 43 43
0164_0016_0025_0061_0061.jpg 1 16 25 61 61
0165_0026_0018_0036_0036.jpg 1 26 18 36 36
0166_0021_0020_0069_0069.jpg 1 21 20 69 69
0167_0009_0010_0059_0059.jpg 1 9 10 59 59
0168_0038_0035_0037_0037.jpg 1 38 35 37 37
0169_0023_0026_0061_0061.jpg 1 23 26 61 61
0170_0007_0009_0049_0049.jpg 1 7 9 49 49
0171_0027_0028_0056_0056.jpg 1 27 28 56 56
0172_0027_0008_0055_0055.jpg 1 27 8 55 55
0173_0052_0063_0027_0027.jpg 1 52 63 27 27
0174_0008_0055_0033_0033.jpg 1 8 55 33 33
0175_0013_0019_0068_0068.jpg 1 13 19 68 68
0176_0021_0035_0040_0040.jpg 1 21 35 40 40
0177_0011_0015_0042_0042.jpg 1 11 15 42 42
0178_0006_0021_0048_0048.jpg 1 6 21 48 48
0179_0056_0027_0025_0025.jpg 1 56 27 25 25
0180_0015_0030_0039_0039.jpg 1 15 30 39 39
0181_0025_0025_0064_0064.jpg 1 25 25 64 64
0182_0037_0026_0033_0033.jpg 1 37 26 33 33
0183_0053_0035_0029_0029.jpg 1 53 35 29 29
0184_0035_0007_0049_0049.jpg 1 35 7 49 49
0185_0029_0041_0043_0043.jpg 1 29 41 43 43
0186_0009_0018_0062_0062.jpg 1 9 18 62 62
0187_0043_0025_0029_0029.jpg 1 43 25 29 29
0188_0026_0035_0033_0033.jpg 1 26 35 33 33
0189_0048_0044_0032_0032.jpg 1 48 44 32 32
0190_0022_0025_0043_0043.jpg 1 22 25 43 43
0191_0018_0008_0028_0028.jpg 1 18 8 28 28
0192_0033_0021_0055_0055.jpg 1 33 21 55 55
0193_0031_0016_0053_0053.jpg 1 31 16 53 53
0194_0049_0043_0036_0036.jpg 1 49 43 36 36
0195_0011_0012_0060_0060.jpg 1 11 12 60 60
0196_0013_0025_0029_0029.jpg 1 13 25 29 29
0197_0030_0015_0062_0062.jpg 1 30 15 62 62
0198_0020_0033_0040_0040.jpg 1 20 33 40 40
0199_0032_0040_0052_0052.jpg 1 32 40 52 52
0200_0011_0012_0063_0063.jpg 1 11 12 63 63
0201_0048_0052_0037_0037.jpg 1 48 52 37 37
0202_0009_0060_0026_0026.jpg 1 9 60 26 26
0203_0018_0007_0061_0061.jpg 1 18 7 61 61
0204_0056_0035_0032_0032.jpg 1 56 35 32 32
0205_0038_0053_0032_0032.jpg 1 38 53 32 32
0206_0038_0034_0051_0051.jpg 1 38 34 51 51
0207_0036_0047_0034_0034.jpg 1 36 47 34 34
0208_0020_0006_0068_0068.jpg 1 20 6 68 68
0209_0028_0006_0066_0066.jpg 1 28 6 66 66
0210_0003_0022_0069_0069.jpg 1 3 22 69 69
0211_0016_0026_0054_0054.jpg 1 16 26 54 54
0212_0038_0022_0024_0024.jpg 1 38 22 24 24
0213_0009_0021_0049_0049.jpg 1 9 21 49 49
0214_0020_0007_0061_0061.jpg 1 20 7 61 61
0215_0027_0008_0058_0058.jpg 1 27 8 58 58
0216_0010_0016_0069_0069.jpg 1 10 16 69 69
0217_0018_0030_0046_0046.jpg 1 18 30 46 46
0218_0016_0005_0063_0063.jpg 1 16 5 63 63
0219_0035_0024_0057_0057.jpg 1 35 24 57 57
0220_0026_0037_0039_0039.jpg 1 26 37 39 39
0221_0045_0052_0038_0038.jpg 1 45 52 38 38
0222_0042_0033_0027_0027.jpg 1 42 33 27 27
0223_0031_0049_0035_0035.jpg 1 31 49 35 35
0224_0036_0020_0059_0059.jpg 1 36 20 59 59
0225_0031_0018_0060_0060.jpg 1 31 18 60 60
0226_0018_0009_0030_0030.jpg 1 18 9 30 30
0227_0032_0033_0029_0029.jpg 1 32 33 29 29
0228_0025_0030_0060_0060.jpg 1 25 30 60 60
0229_0018_0018_0063_0063.jpg 1 18 18 63 63
0230_0005_0004_0055_0055.jpg 1 5 4 55 55
0231_0030_0027_0064_0064.jpg 1 30 27 64 64
0232_0029_0020_0058_0058.jpg 1 29 20 58 58
0233_0038_0035_0055_0055.jpg 1 38 35 55 55
0234_0014_0042_0024_0024.jpg 1 14 42 24 24
0235_0014_0028_0042_0042.jpg 1 14 28 42 42
0236_0011_0029_0066_0066.jpg 1 11 29 66 66
0237_0058_0040_0024_0024.jpg 1 58 40 24 24
0238_0015_0015_0063_0063.jpg 1 15 15 63 63
0239_0018_0027_0061_0061.jpg 1 18 27 61 61
0240_0026_0030_0043_0043.jpg 1 26 30 43 43
0241_0004_0007_0060_0060.jpg 1 4 7 60 60
0242_0006_0017_0066_0066.jpg 1 6 17 66 66
0243_0041_0024_0037_0037.jpg 1 41 24 37 37
0244_0052_0019_0038_0038.jpg 1 52 19 38 38
0245_0035_0042_0043_0043.jpg 1 35 42 43 43
0246_0035_0014_0054_0054.jpg 1 35 14 54 54
0247_0023_0005_0046_0046.jpg 1 23 5 46 46
0248_0008_0007_0060_0060.jpg 1 8 7 60 60
0249_0037_0063_0027_0027.jpg 1 37 63 27 27
0250_0050_0022_0024_0024.jpg 1 50 22 24 24
0251_0034_0008_0061_0061.jpg 1 34 8 61 61
0252_0028_0027_0052_0052.jpg 1 28 27 52 52
0253_0005_0018_0054_0054.jpg 1 5 18 54 54
0254_0032_0007_0052_0052.jpg 1 32 7 52 52
0255_0006_0008_0050_0050.jpg 1 6 8 50 50
0256_0029_0063_0024_0024.jpg 1 29 63 24 24
0257_0008_0055_0026_0026.jpg 1 8 55 26 26
0258_0049_0010_0040_0040.jpg 1 49 10 40 40
0259_0043_0038_0034_0034.jpg 1 43 38 34 34
0260_0013_0024_0065_0065.jpg 1 13 24 65 65
0261_0032_0039_0036_0036.jpg 1 32 39 36 36
0262_0016_0030_0028_0028.jpg 1 16 30 28 28
0263_0033_0012_0055_0055.jpg 1 33 12 55 55
0264_0006_0013_0068_0068.jpg 1 6 13 68 68
0265_0010_0045_0041_0041.jpg 1 10 45 41 41
0266_0052_0033_0028_0028.jpg 1 52 33 28 28
0267_0021_0021_0054_0054.jpg 1 21 21 54 54
0268_0015_0039_0041_0041.jpg 1 15 39 41 41
0269_0057_0054_0031_0031.jpg 1 57 54 31 31
0270_0043_0005_0048_0048.jpg 1 43 5 48 48
0271_0012_0029_0047_0047.jpg 1 12 29 47 47
0272_0031_0023_0064_0064.jpg 1 31 23 64 64
0273_0041_0016_0038_0038.jpg 1 41 16 38 38
0274_0040_0016_0045_0045.jpg 1 40 16 45 45
0275_0020_0050_0030_0030.jpg 1 20 50 30 30
0276_0039_0033_0041_0041.jpg 1 39 33 41 41
0277_0045_0016_0030_0030.jpg 1 45 16 30 30
0278_0005_0021_0068_0068.jpg 1 5 21 68 68
0279_0009_0016_0067_0067.jpg 1 9 16 67 67
0280_0023_0025_0045_0045.jpg 1 23 25 45 45
0281_0039_0034_0045_0045.jpg 1 39 34 45 45
0282_0026_0010_0053_0053.jpg 1 26 10 53 53
0283_0024_0004_0069_0069.jpg 1 24 4 69 69
0284_0040_0058_0033_0033.jpg 1 40 58 33 33
0285_0023_0024_0031_0031.jpg 1 23 24 31 31
0286_0036_0019_0052_0052.jpg 1 36 19 52 52
0287_0034_0011_0057_0057.jpg 1 34 11 57 57
0288_0018_0023_0044_0044.jpg 1 18 23 44 44
0289_0024_0040_0036_0036.jpg 1 24 40 36 36
0290_0030_0035_0055_0055.jpg 1 30 35 55 55
0291_0031_0018_0031_0031.jpg 1 31 18 31 31
0292_0054_0040_0035_0035.jpg 1 54 40 35 35
0293_0019_0017_0040_0040.jpg 1 19 17 40 40
0294_0046_0033_0040_0040.jpg 1 46 33 40 40
0295_0019_0022_0047_0047.jpg 1 19 22 47 47
0296_0034_0024_0051_0051.jpg 1 34 24 51 51
0297_0020_0044_0031_0031.jpg 1 20 44 31 31
0298_0042_0058_0033_0033.jpg 1 42 58 33 33
0299_0008_0040_0044_0044.jpg 1 8 40 44 44
0300_0021_0022_0063_0063.jpg 1 21 22 63 63
0301_0020_0030_0047_0047.jpg 1 20 30 47 47
0302_0039_0023_0030_0030.jpg 1 39 23 30 30
0303_0021_0046_0037_0037.jpg 1 21 46 37 37
0304_0063_0041_0027_0027.jpg 1 63 41 27 27
0305_0018_0017_0026_0026.jpg 1 18 17 26 26
0306_0052_0048_0026_0026.jpg 1 52 48 26 26
0307_0003_0022_0063_0063.jpg 1 3 22 63 63
0308_0041_0031_0040_0040.jpg 1 41 31 40 40
0309_0027_0046_0039_0039.jpg 1 27 46 39 39
0310_0008_0017_0064_0064.jpg 1 8 17 64 64
0311_0062_0010_0026_0026.jpg 1 62 10 26 26
0312_0050_0007_0034_0034.jpg 1 50 7 34 34
0313_0062_0065_0024_0024.jpg 1 62 65 24 24
0314_0012_0023_0066_0066.jpg 1 12 23 66 66
0315_0019_0017_0038_0038.jpg 1 19 17 38 38
0316_0038_0016_0034_0034.jpg 1 38 16 34 34
0317_0026_0047_0045_0045.jpg 1 26 47 45 45
0318_0028_0025_0024_0024.jpg 1 28 25 24 24
0319_0007_0014_0046_0046.jpg 1 7 14 46 46
0320_0008_0009_0061_0061.jpg 1 8 9 61 61
0321_0013_0015_0067_0067.jpg 1 13 15 67 67
0322_0009_0042_0035_0035.jpg 1 9 42 35 35
0323_0008_0037_0040_0040.jpg 1 8 37 40 40
0324_0024_0016_0048_0048.jpg 1 24 16 48 48
0325_0014_0011_0024_0024.jpg 1 14 11 24 24
0326_0008_0005_0065_0065.jpg 1 8 5 65 65
0327_0009_0028_0053_0053.jpg 1 9 28 53 53
0328_0046_0017_0041_0041.jpg 1 46 17 41 41
0329_0049_0009_0039_0039.jpg 1 49 9 39 39
0330_0031_0026_0025_0025.jpg 1 31 26 25 25
0331_0016_0023_0054_0054.jpg 1 16 23 54 54
0332_0029_0010_0064_0064.jpg 1 29 10 64 64
0333_0021_0023_0069_0069.jpg 1 21 23 69 69
0334_0058_0027_0024_0024.jpg 1 58 27 24 24
0335_0039_0023_0033_0033.jpg 1 39 23 33 33
0336_0029_0009_0042_0042.jpg 1 29 9 42 42
0337_0019_0020_0046_0046.jpg 1 19 20 46 46
0338_0016_0016_0068_0068.jpg 1 16 16 68 68
0339_0068_0045_0024_0024.jpg 1 68 45 24 24
0340_0023_0020_0057_0057.jpg 1 23 20 57 57
0341_0013_0041_0037_0037.jpg 1 13 41 37 37
0342_0034_0056_0026_0026.jpg 1 34 56 26 26
0343_0008_0037_0053_0053.jpg 1 8 37 53 53
0344_0049_0036_0032_0032.jpg 1 49 36 32 32
0345_0020_0011_0067_0067.jpg 1 20 11 67 67
0346_0042_0040_0042_0042.jpg 1 42 40 42 42
0347_0026_0038_0027_0027.jpg 1 26 38 27 27
0348_0016_0008_0034_0034.jpg 1 16 8 34 34
0349_0019_0020_0065_0065.jpg 1 19 20 65 65
0350_0017_0014_0069_0069.jpg 1 17 14 69 69
0351_0018_0041_0047_0047.jpg 1 18 41 47 47
0352_0033_0026_0027_0027.jpg 1 33 26 27 27
0353_0029_0044_0041_0041.jpg 1 29 44 41 41
0354_0012_0015_0065_0065.jpg 1 12 15 65 65
0355_0020_0027_0067_0067.jpg 1 20 27 67 67
0356_0032_0047_0043_0043.jpg 1 32 47 43 43
0357_0059_0008_0027_0027.jpg 1 59 8 27 27
0358_0052_0043_0026_0026.jpg 1 52 43 26 26
0359_0031_0009_0055_0055.jpg 1 31 9 55 55
0360_0035_0024_0032_0032.jpg 1 35 24 32 32
0361_0016_0050_0037_0037.jpg 1 16 50 37 37
0362_0033_0011_0058_0058.jpg 1 33 11 58 58
0363_0010_0015_0057_0057.jpg 1 10 15 57 57
0364_0014_0032_0052_0052.jpg 1 14 32 52 52
0365_0019_0045_0027_0027.jpg 1 19 45 27 27
0366_0023_0033_0062_0062.jpg 1 23 33 62 62
0367_0025_0034_0046_0046.jpg 1 25 34 46 46
0368_0015_0037_0040_0040.jpg 1 15 37 40 40
0369_0018_0007_0051_0051.jpg 1 18 7 51 51
0370_0044_0042_0028_0028.jpg 1 44 42 28 28
0371_0046_0045_0044_0044.jpg 1 46 45 44 44
0372_0016_0028_0054_0054.jpg 1 16 28 54 54
0373_0039_0041_0049_0049.jpg 1 39 41 49 49
0374_0007_0007_0062_0062.jpg 1 7 7 62 62
0375_0031_0010_0053_0053.jpg 1 31 10 53 53
0376_0035_0018_0047_0047.jpg 1 35 18 47 47
0377_0020_0060_0024_0024.jpg 1 20 60 24 24
0378_0038_0039_0034_0034.jpg 1 38 39 34 34
0379_0028_0009_0065_0065.jpg 1 28 9 65 65
0380_0023_0044_0032_0032.jpg 1 23 44 32 32
0381_0012_0011_0060_0060.jpg 1 12 11 60 60
0382_0049_0043_0041_0041.jpg 1 49 43 41 41
0383_0018_0044_0026_0026.jpg 1 18 44 26 26
0384_0019_0019_0069_0069.jpg 1 19 19 69 69
0385_0029_0008_0065_0065.jpg 1 29 8 65 65
0386_0015_0060_0029_0029.jpg 1 15 60 29 29
0387_0005_0025_0067_0067.jpg 1 5 25 67 67
0388_0010_0041_0046_0046.jpg 1 10 41 46 46
0389_0017_0017_0052_0052.jpg 1 17 17 52 52
0390_0006_0018_0041_0041.jpg 1 6 18 41 41
0391_0009_0007_0057_0057.jpg 1 9 7 57 57
0392_0019_0015_0047_0047.jpg 1 19 15 47 47
0393_0024_0005_0066_0066.jpg 1 24 5 66 66
0394_0044_0029_0048_0048.jpg 1 44 29 48 48
0395_0062_0045_0024_0024.jpg 1 62 45 24 24
0396_0018_0019_0058_0058.jpg 1 18 19 58 58
0397_0023_0011_0067_0067.jpg 1 23 11 67 67
0398_0034_0036_0047_0047.jpg 1 34 36 47 47
0399_0009_0023_0067_0067.jpg 1 9 23 67 67
0400_0023_0041_0038_0038.jpg 1 23 41 38 38
0401_0024_0015_0056_0056.jpg 1 24 15 56 56
0402_0020_0027_0052_0052.jpg 1 20 27 52 52
0403_0048_0047_0024_0024.jpg 1 48 47 24 24
0404_0030_0023_0065_0065.jpg 1 30 23 65 65
0405_0014_0014_0062_0062.jpg 1 14 14 62 62
0406_0014_0034_0042_0042.jpg 1 14 34 42 42
0407_0015_0017_0058_0058.jpg 1 15 17 58 58
0408_0037_0051_0042_0042.jpg 1 37 51 42 42
0409_0030_0026_0033_0033.jpg 1 30 26 33 33
0410_0023_0039_0055_0055.jpg 1 23 39 55 55
0411_0013_0054_0033_0033.jpg 1 13 54 33 33
0412_0007_0053_0030_0030.jpg 1 7 53 30 30
0413_0040_0037_0027_0027.jpg 1 40 37 27 27
0414_0023_0010_0062_0062.jpg 1 23 10 62 62
0415_0022_0008_0037_0037.jpg 1 22 8 37 37
0416_0026_0020_0068_0068.jpg 1 26 20 68 68
0417_0015_0020_0056_0056.jpg 1 15 20 56 56
0418_0012_0027_0060_0060.jpg 1 12 27 60 60
0419_0048_0032_0037_0037.jpg 1 48 32 37 37
0420_0019_0020_0040_0040.jpg 1 19 20 40 40
0421_0031_0037_0055_0055.jpg 1 31 37 55 55
0422_0017_0040_0055_0055.jpg 1 17 40 55 55
0423_0022_0010_0069_0069.jpg 1 22 10 69 69
0424_0040_0042_0024_0024.jpg 1 40 42 24 24
0425_0025_0016_0057_0057.jpg 1 25 16 57 57
0426_0029_0022_0056_0056.jpg 1 29 22 56 56
0427_0015_0012_0057_0057.jpg 1 15 12 57 57
0428_0029_0004_0052_0052.jpg 1 29 4 52 52
0429_0035_0025_0052_0052.jpg 1 35 25 52 52
0430_0027_0018_0043_0043.jpg 1 27 18 43 43
0431_0047_0008_0046_0046.jpg 1 47 8 46 46
0432_0016_0017_0058_0058.jpg 1 16 17 58 58
0433_0025_0022_0069_0069.jpg 1 25 22 69 69
0434_0009_0009_0065_0065.jpg 1 9 9 65 65
0435_0024_0028_0046_0046.jpg 1 24 28 46 46
0436_0016_0015_0050_0050.jpg 1 16 15 50 50
0437_0010_0006_0040_0040.jpg 1 10 6 40 40
0438_0063_0062_0029_0029.jpg 1 63 62 29 29
0439_0015_0019_0054_0054.jpg 1 15 19 54 54
0440_0029_0022_0042_0042.jpg 1 29 22 42 42
0441_0048_0026_0035_0035.jpg 1 48 26 35 35
0442_0041_0059_0027_0027.jpg 1 41 59 27 27
0443_0032_0055_0032_0032.jpg 1 32 55 32 32
0444_0008_0023_0031_0031.jpg 1 8 23 31 31
0445_0040_0035_0044_0044.jpg 1 40 35 44 44
0446_0009_0064_0026_0026.jpg 1 9 64 26 26
0447_0033_0023_0052_0052.jpg 1 33 23 52 52
0448_0013_0058_0029_0029.jpg 1 13 58 29 29
0449_0006_0020_0069_0069.jpg 1 6 20 69 69
0450_0012_0049_0036_0036.jpg 1 12 49 36 36
0451_0035_0041_0032_0032.jpg 1 35 41 32 32
0452_0037_0030_0026_0026.jpg 1 37 30 26 26
0453_0014_0050_0040_0040.jpg 1 14 50 40 40
0454_0039_0032_0037_0037.jpg 1 39 32 37 37
0455_0025_0028_0059_0059.jpg 1 25 28 59 59
0456_0050_0035_0031_0031.jpg 1 50 35 31 31
0457_0011_0021_0054_0054.jpg 1 11 21 54 54
0458_0048_0013_0043_0043.jpg 1 48 13 43 43
0459_0006_0039_0047_0047.jpg 1 6 39 47 47
0460_0025_0033_0030_0030.jpg 1 25 33 30 30
0461_0029_0034_0034_0034.jpg 1 29 34 34 34
0462_0015_0021_0049_0049.jpg 1 15 21 49 49
0463_0018_0020_0051_0051.jpg 1 18 20 51 51
0464_0033_0016_0060_0060.jpg 1 33 16 60 60
0465_0031_0007_0057_0057.jpg 1 31 7 57 57
0466_0016_0008_0056_0056.jpg 1 16 8 56 56
0467_0006_0007_0069_0069.jpg 1 6 7 69 69
0468_0044_0052_0039_0039.jpg 1 44 52 39 39
0469_0048_0049_0043_0043.jpg 1 48 49 43 43
0470_0064_0035_0028_0028.jpg 1 64 35 28 28
0471_0045_0023_0035_0035.jpg 1 45 23 35 35
0472_0058_0030_0034_0034.jpg 1 58 30 34 34
0473_0039_0037_0050_0050.jpg 1 39 37 50 50
0474_0019_0032_0061_0061.jpg 1 19 32 61 61
0475_0023_0021_0025_0025.jpg 1 23 21 25 25
0476_0041_0042_0030_0030.jpg 1 41 42 30 30
0477_0065_0028_0026_0026.jpg 1 65 28 26 26
0478_0017_0049_0042_0042.jpg 1 17 49 42 42
0479_0036_0033_0047_0047.jpg 1 36 33 47 47
0480_0030_0021_0058_0058.jpg 1 30 21 58 58
0481_0016_0036_0026_0026.jpg 1 16 36 26 26
0482_0029_0020_0062_0062.jpg 1 29 20 62 62
0483_0032_0021_0055_0055.jpg 1 32 21 55 55
0484_0011_0016_0029_0029.jpg 1 11 16 29 29
0485_0012_0040_0041_0041.jpg 1 12 40 41 41
0486_0009_0012_0047_0047.jpg 1 9 12 47 47
0487_0039_0017_0028_0028.jpg 1 39 17 28 28
0488_0015_0007_0035_0035.jpg 1 15 7 35 35
0489_0033_0019_0026_0026.jpg 1 33 19 26 26
0490_0030_0012_0065_0065.jpg 1 30 12 65 65
0491_0033_0013_0043_0043.jpg 1 33 13 43 43
0492_0041_0050_0043_0043.jpg 1 41 50 43 43
0493_0017_0028_0068_0068.jpg 1 17 28 68 68
0494_0037_0046_0045_0045.jpg 1 37 46 45 45
0495_0027_0022_0033_0033.jpg 1 27 22 33 33
0496_0024_0029_0064_0064.jpg 1 24 29 64 64
0497_0013_0023_0053_0053.jpg 1 13 23 53 53
0498_0011_0019_0064_0064.jpg 1 11 19 64 64
0499_0033_0036_0028_0028.jpg 1 33 36 28 28
0500_0037_0016_0049_0049.jpg 1 37 16 49 49
0501_0020_0031_0049_0049.jpg 1 20 31 49 49
0502_0016_0034_0059_0059.jpg 1 16 34 59 59
0503_0019_0013_0056_0056.jpg 1 19 13 56 56
0504_0028_0004_0068_0068.jpg 1 28 4 68 68
0505_0039_0010_0049_0049.jpg 1 39 10 49 49
0506_0020_0023_0051_0051.jpg 1 20 23 51 51
0507_0028_0027_0024_0024.jpg 1 28 27 24 24
0508_0053_0019_0035_0035.jpg 1 53 19 35 35
0509_0019_0010_0066_0066.jpg 1 19 10 66 66
0510_0037_0036_0036_0036.jpg 1 37 36 36 36
0511_0032_0015_0062_0062.jpg 1 32 15 62 62
0512_0052_0027_0026_0026.jpg 1 52 27 26 26
0513_0025_0035_0053_0053.jpg 1 25 35 53 53
0514_0018_0040_0038_0038.jpg 1 18 40 38 38
0515_0027_0049_0032_0032.jpg 1 27 49 32 32
0516_0024_0016_0064_0064.jpg 1 24 16 64 64
0517_0030_0033_0055_0055.jpg 1 30 33 55 55
0518_0026_0051_0031_0031.jpg 1 26 51 31 31
0519_0040_0022_0026_0026.jpg 1 40 22 26 26
0520_0035_0038_0029_0029.jpg 1 35 38 29 29
0521_0014_0047_0044_0044.jpg 1 14 47 44 44
0522_0021_0048_0036_0036.jpg 1 21 48 36 36
0523_0037_0041_0039_0039.jpg 1 37 41 39 39
0524_0015_0010_0043_0043.jpg 1 15 10 43 43
0525_0009_0046_0032_0032.jpg 1 9 46 32 32
0526_0003_0003_0068_0068.jpg 1 3 3 68 68
0527_0029_0007_0067_0067.jpg 1 29 7 67 67
0528_0007_0012_0032_0032.jpg 1 7 12 32 32
0529_0013_0005_0059_0059.jpg 1 13 5 59 59
0530_0008_0004_0055_0055.jpg 1 8 4 55 55
0531_0027_0033_0030_0030.jpg 1 27 33 30 30
0532_0023_0039_0052_0052.jpg 1 23 39 52 52
0533_0013_0041_0040_0040.jpg 1 13 41 40 40
0534_0022_0007_0035_0035.jpg 1 22 7 35 35
0535_0020_0025_0057_0057.jpg 1 20 25 57 57
0536_0022_0006_0068_0068.jpg 1 22 6 68 68
0537_0023_0047_0029_0029.jpg 1 23 47 29 29
0538_0054_0023_0025_0025.jpg 1 54 23 25 25
0539_0017_0036_0044_0044.jpg 1 17 36 44 44
0540_0024_0058_0027_0027.jpg 1 24 58 27 27
0541_0011_0029_0051_0051.jpg 1 11 29 51 51
0542_0021_0008_0041_0041.jpg 1 21 8 41 41
0543_0016_0021_0067_0067.jpg 1 16 21 67 67
0544_0017_0033_0047_0047.jpg 1 17 33 47 47
0545_0025_0062_0030_0030.jpg 1 25 62 30 30
0546_0016_0043_0029_0029.jpg 1 16 43 29 29
0547_0025_0025_0067_0067.jpg 1 25 25 67 67
0548_0051_0034_0028_0028.jpg 1 51 34 28 28
0549_0007_0007_0059_0059.jpg 1 7 7 59 59
0550_0021_0032_0045_0045.jpg 1 21 32 45 45
0551_0042_0029_0025_0025.jpg 1 42 29 25 25
0552_0014_0043_0043_0043.jpg 1 14 43 43 43
0553_0005_0019_0059_0059.jpg 1 5 19 59 59
0554_0033_0020_0038_0038.jpg 1 33 20 38 38
0555_0038_0019_0037_0037.jpg 1 38 19 37 37
0556_0004_0018_0061_0061.jpg 1 4 18 61 61
0557_0019_0026_0054_0054.jpg 1 19 26 54 54
0558_0018_0008_0047_0047.jpg 1 18 8 47 47
0559_0011_0020_0060_0060.jpg 1 11 20 60 60
0560_0034_0031_0032_0032.jpg 1 34 31 32 32
0561_0044_0016_0024_0024.jpg 1 44 16 24 24
0562_0045_0018_0044_0044.jpg 1 45 18 44 44
0563_0013_0022_0049_0049.jpg 1 13 22 49 49
0564_0034_0012_0044_0044.jpg 1 34 12 44 44
0565_0026_0027_0039_0039.jpg 1 26 27 39 39
0566_0014_0028_0049_0049.jpg 1 14 28 49 49
0567_0015_0009_0035_0035.jpg 1 15 9 35 35
0568_0026_0018_0034_0034.jpg 1 26 18 34 34
0569_0008_0037_0046_0046.jpg 1 8 37 46 46
0570_0044_0032_0050_0050.jpg 1 44 32 50 50
0571_0058_0021_0029_0029.jpg 1 58 21 29 29
0572_0008_0029_0042_0042.jpg 1 8 29 42 42
0573_0017_0028_0062_0062.jpg 1 17 28 62 62
0574_0013_0012_0026_0026.jpg 1 13 12 26 26
0575_0016_0007_0043_0043.jpg 1 16 7 43 43
0576_0003_0020_0069_0069.jpg 1 3 20 69 69
0577_0032_0007_0061_0061.jpg 1 32 7 61 61
0578_0034_0007_0049_0049.jpg 1 34 7 49 49
0579_0015_0030_0040_0040.jpg 1 15 30 40 40
0580_0034_0015_0060_0060.jpg 1 34 15 60 60
0581_0045_0021_0047_0047.jpg 1 45 21 47 47
0582_0014_0046_0037_0037.jpg 1 14 46 37 37
0583_0042_0023_0053_0053.jpg 1 42 23 53 53
0584_0025_0042_0052_0052.jpg 1 25 42 52 52
0585_0013_0046_0030_0030.jpg 1 13 46 30 30
0586_0058_0036_0035_0035.jpg 1 58 36 35 35
0587_0027_0006_0067_0067.jpg 1 27 6 67 67
0588_0035_0048_0025_0025.jpg 1 35 48 25 25
0589_0004_0011_0067_0067.jpg 1 4 11 67 67
0590_0025_0017_0067_0067.jpg 1 25 17 67 67
0591_0015_0042_0048_0048.jpg 1 15 42 48 48
0592_0035_0030_0057_0057.jpg 1 35 30 57 57
0593_0022_0033_0031_0031.jpg 1 22 33 31 31
0594_0032_0028_0063_0063.jpg 1 32 28 63 63
0595_0045_0006_0045_0045.jpg 1 45 6 45 45
0596_0052_0035_0026_0026.jpg 1 52 35 26 26
0597_0013_0027_0061_0061.jpg 1 13 27 61 61
0598_0026_0019_0061_0061.jpg 1 26 19 61 61
0599_0035_0008_0041_0041.jpg 1 35 8 41 41
0600_0024_0009_0069_0069.jpg 1 24 9 69 69
0601_0008_0014_0053_0053.jpg 1 8 14 53 53
0602_0019_0023_0067_0067.jpg 1 19 23 67 67
0603_0015_0043_0050_0050.jpg 1 15 43 50 50
0604_0020_0013_0053_0053.jpg 1 20 13 53 53
0605_0010_0038_0026_0026.jpg 1 10 38 26 26
0606_0026_0048_0045_0045.jpg 1 26 48 45 45
0607_0032_0012_0046_0046.jpg 1 32 12 46 46
0608_0023_0031_0062_0062.jpg 1 23 31 62 62
0609_0004_0004_0064_0064.jpg 1 4 4 64 64
0610_0021_0038_0042_0042.jpg 1 21 38 42 42
0611_0013_0051_0025_0025.jpg 1 13 51 25 25
0612_0030_0026_0052_0052.jpg 1 30 26 52 52
0613_0043_0015_0028_0028.jpg 1 43 15 28 28
0614_0037_0023_0043_0043.jpg 1 37 23 43 43
0615_0012_0014_0050_0050.jpg 1 12 14 50 50
0616_0058_0027_0031_0031.jpg 1 58 27 31 31
0617_0019_0012_0066_0066.jpg 1 19 12 66 66
0618_0030_0045_0025_0025.jpg 1 30 45 25 25
0619_0034_0004_0060_0060.jpg 1 34 4 60 60
0620_0007_0026_0043_0043.jpg 1 7 26 43 43
0621_0041_0017_0032_0032.jpg 1 41 17 32 32
0622_0016_0040_0039_0039.jpg 1 16 40 39 39
0623_0031_0009_0030_0030.jpg 1 31 9 30 30
0624_0036_0035_0059_0059.jpg 1 36 35 59 59
0625_0011_0034_0029_0029.jpg 1 11 34 29 29
0626_0022_0033_0032_0032.jpg 1 22 33 32 32
0627_0044_0040_0047_0047.jpg 1 44 40 47 47
0628_0020_0022_0067_0067.jpg 1 20 22 67 67
0629_0024_0016_0066_0066.jpg 1 24 16 66 66
0630_0023_0003_0069_0069.jpg 1 23 3 69 69
0631_0012_0014_0039_0039.jpg 1 12 14 39 39
0632_0030_0027_0051_0051.jpg 1 30 27 51 51
0633_0025_0004_0063_0063.jpg 1 25 4 63 63
0634_0003_0016_0068_0068.jpg 1 3 16 68 68
0635_0012_0022_0060_0060.jpg 1 12 22 60 60
0636_0020_0020_0040_0040.jpg 1 20 20 40 40
0637_0010_0006_0046_0046.jpg 1 10 6 46 46
0638_0019_0021_0058_0058.jpg 1 19 21 58 58
0639_0009_0027_0065_0065.jpg 1 9 27 65 65
0640_0009_0014_0065_0065.jpg 1 9 14 65 65
0641_0028_0046_0039_0039.jpg 1 28 46 39 39
0642_0010_0023_0069_0069.jpg 1 10 23 69 69
0643_0006_0016_0061_0061.jpg 1 6 16 61 61
0644_0049_0065_0027_0027.jpg 1 49 65 27 27
0645_0021_0010_0058_0058.jpg 1 21 10 58 58
0646_0018_0047_0029_0029.jpg 1 18 47 29 29
0647_0025_0034_0041_0041.jpg 1 25 34 41 41
0648_0007_0006_0040_0040.jpg 1 7 6 40 40
0649_0006_0014_0057_0057.jpg 1 6 14 57 57
0650_0013_0012_0039_0039.jpg 1 13 12 39 39
0651_0019_0025_0034_0034.jpg 1 19 25 34 34
0652_0026_0015_0046_0046.jpg 1 26 15 46 46
0653_0045_0020_0040_0040.jpg 1 45 20 40 40
0654_0004_0015_0054_0054.jpg 1 4 15 54 54
0655_0010_0010_0043_0043.jpg 1 10 10 43 43
0656_0025_0034_0029_0029.jpg 1 25 34 29 29
0657_0042_0042_0046_0046.jpg 1 42 42 46 46
0658_0014_0004_0069_0069.jpg 1 14 4 69 69
0659_0048_0049_0034_0034.jpg 1 48 49 34 34
0660_0017_0021_0064_0064.jpg 1 17 21 64 64
0661_0044_0026_0041_0041.jpg 1 44 26 41 41
0662_0041_0026_0039_0039.jpg 1 41 26 39 39
0663_0023_0020_0049_0049.jpg 1 23 20 49 49
0664_0021_0024_0035_0035.jpg 1 21 24 35 35
0665_0016_0013_0035_0035.jpg 1 16 13 35 35
0666_0020_0016_0067_0067.jpg 1 20 16 67 67
0667_0028_0030_0065_0065.jpg 1 28 30 65 65
0668_0005_0026_0050_0050.jpg 1 5 26 50 50
0669_0030_0041_0026_0026.jpg 1 30 41 26 26
0670_0051_0065_0026_0026.jpg 1 51 65 26 26
0671_0005_0019_0069_0069.jpg 1 5 19 69 69
0672_0018_0021_0061_0061.jpg 1 18 21 61 61
0673_0022_0018_0041_0041.jpg 1 22 18 41 41
0674_0014_0027_0065_0065.jpg 1 14 27 65 65
0675_0004_0022_0061_0061.jpg 1 4 22 61 61
0676_0009_0037_0041_0041.jpg 1 9 37 41 41
0677_0007_0045_0024_0024.jpg 1 7 45 24 24
0678_0014_0023_0027_0027.jpg 1 14 23 27 27
0679_0010_0042_0040_0040.jpg 1 10 42 40 40
0680_0024_0021_0061_0061.jpg 1 24 21 61 61
0681_0018_0041_0047_0047.jpg 1 18 41 47 47
0682_0019_0021_0066_0066.jpg 1 19 21 66 66
0683_0040_0033_0048_0048.jpg 1 40 33 48 48
0684_0028_0029_0053_0053.jpg 1 28 29 53 53
0685_0021_0029_0064_0064.jpg 1 21 29 64 64
0686_0039_0011_0051_0051.jpg 1 39 11 51 51
0687_0052_0024_0033_0033.jpg 1 52 24 33 33
0688_0016_0045_0029_0029.jpg 1 16 45 29 29
0689_0025_0010_0041_0041.jpg 1 25 10 41 41
0690_0043_0037_0047_0047.jpg 1 43 37 47 47
0691_0042_0027_0037_0037.jpg 1 42 27 37 37
0692_0049_0036_0043_0043.jpg 1 49 36 43 43
0693_0043_0031_0039_0039.jpg 1 43 31 39 39
0694_0040_0035_0047_0047.jpg 1 40 35 47 47
0695_0021_0010_0064_0064.jpg 1 21 10 64 64
0696_0012_0028_0048_0048.jpg 1 12 28 48 48
0697_0005_0036_0053_0053.jpg 1 5 36 53 53
0698_0050_0046_0042_0042.jpg 1 50 46 42 42
0699_0007_0019_0042_0042.jpg 1 7 19 42 42
0700_0046_0037_0029_0029.jpg 1 46 37 29 29
0701_0022_0019_0053_0053.jpg 1 22 19 53 53
0702_0067_0026_0025_0025.jpg 1 67 26 25 25
0703_0009_0047_0031_0031.jpg 1 9 47 31 31
0704_0029_0055_0037_0037.jpg 1 29 55 37 37
0705_0007_0010_0059_0059.jpg 1 7 10 59 59
0706_0037_0040_0046_0046.jpg 1 37 40 46 46
0707_0039_0031_0051_0051.jpg 1 39 31 51 51
0708_0018_0047_0036_0036.jpg 1 18 47 36 36
0709_0019_0008_0044_0044.jpg 1 19 8 44 44
0710_0006_0013_0042_0042.jpg 1 6 13 42 42
0711_0028_0024_0045_0045.jpg 1 28 24 45 45
0712_0030_0014_0057_0057.jpg 1 30 14 57 57
0713_0020_0041_0048_0048.jpg 1 20 41 48 48
0714_0025_0038_0047_0047.jpg 1 25 38 47 47
0715_0043_0008_0042_0042.jpg 1 43 8 42 42
0716_0007_0027_0066_0066.jpg 1 7 27 66 66
0717_0036_0032_0044_0044.jpg 1 36 32 44 44
0718_0015_0006_0038_0038.jpg 1 15 6 38 38
0719_0009_0033_0025_0025.jpg 1 9 33 25 25
0720_0011_0024_0069_0069.jpg 1 11 24 69 69
0721_0015_0022_0062_0062.jpg 1 15 22 62 62
0722_0019_0018_0040_0040.jpg 1 19 18 40 40
0723_0011_0009_0060_0060.jpg 1 11 9 60 60
0724_0016_0016_0058_0058.jpg 1 16 16 58 58
0725_0026_0063_0026_0026.jpg 1 26 63 26 26
0726_0057_0054_0028_0028.jpg 1 57 54 28 28
0727_0030_0007_0039_0039.jpg 1 30 7 39 39
0728_0007_0004_0057_0057.jpg 1 7 4 57 57
0729_0031_0034_0027_0027.jpg 1 31 34 27 27
0730_0022_0019_0053_0053.jpg 1 22 19 53 53
0731_0017_0011_0063_0063.jpg 1 17 11 63 63
0732_0016_0019_0067_0067.jpg 1 16 19 67 67
0733_0021_0025_0068_0068.jpg 1 21 25 68 68
0734_0006_0008_0048_0048.jpg 1 6 8 48 48
0735_0022_0013_0060_0060.jpg 1 22 13 60 60
0736_0051_0059_0030_0030.jpg 1 51 59 30 30
0737_0030_0035_0055_0055.jpg 1 30 35 55 55
0738_0012_0011_0037_0037.jpg 1 12 11 37 37
0739_0027_0030_0044_0044.jpg 1 27 30 44 44
0740_0009_0025_0030_0030.jpg 1 9 25 30 30
0741_0005_0011_0053_0053.jpg 1 5 11 53 53
0742_0020_0018_0060_0060.jpg 1 20 18 60 60
0743_0023_0027_0045_0045.jpg 1 23 27 45 45
0744_0006_0021_0044_0044.jpg 1 6 21 44 44
0745_0014_0017_0060_0060.jpg 1 14 17 60 60
0746_0031_0027_0063_0063.jpg 1 31 27 63 63
0747_0025_0027_0055_0055.jpg 1 25 27 55 55
0748_0020_0026_0030_0030.jpg 1 20 26 30 30
0749_0031_0065_0025_0025.jpg 1 31 65 25 25
0750_0026_0029_0061_0061.jpg 1 26 29 61 61
0751_0041_0043_0046_0046.jpg 1 41 43 46 46
0752_0017_0021_0054_0054.jpg 1 17 21 54 54
0753_0004_0007_0058_0058.jpg 1 4 7 58 58
0754_0022_0018_0045_0045.jpg 1 22 18 45 45
0755_0006_0007_0066_0066.jpg 1 6 7 66 66
0756_0016_0012_0063_0063.jpg 1 16 12 63 63
0757_0021_0028_0034_0034.jpg 1 21 28 34 34
0758_0057_0023_0033_0033.jpg 1 57 23 33 33
0759_0012_0015_0025_0025.jpg 1 12 15 25 25
0760_0048_0012_0039_0039.jpg 1 48 12 39 39
0761_0026_0009_0050_0050.jpg 1 26 9 50 50
0762_0019_0029_0065_0065.jpg 1 19 29 65 65
0763_0010_0050_0024_0024.jpg 1 10 50 24 24
0764_0032_0026_0048_0048.jpg 1 32 26 48 48
0765_0025_0020_0055_0055.jpg 1 25 20 55 55
0766_0036_0017_0033_0033.jpg 1 36 17 33 33
0767_0043_0019_0051_0051.jpg 1 43 19 51 51
0768_0010_0031_0064_0064.jpg 1 10 31 64 64
0769_0043_0040_0050_0050.jpg 1 43 40 50 50
0770_0035_0010_0036_0036.jpg 1 35 10 36 36
0771_0012_0005_0053_0053.jpg 1 12 5 53 53
0772_0025_0047_0046_0046.jpg 1 25 47 46 46
0773_0047_0019_0046_0046.jpg 1 47 19 46 46
0774_0035_0006_0057_0057.jpg 1 35 6 57 57
0775_0030_0033_0056_0056.jpg 1 30 33 56 56
0776_0034_0021_0048_0048.jpg 1 34 21 48 48
0777_0025_0051_0028_0028.jpg 1 25 51 28 28
0778_0031_0036_0047_0047.jpg 1 31 36 47 47
0779_0053_0040_0028_0028.jpg 1 53 40 28 28
0780_0021_0034_0060_0060.jpg 1 21 34 60 60
0781_0038_0012_0053_0053.jpg 1 38 12 53 53
0782_0006_0006_0040_0040.jpg 1 6 6 40 40
0783_0042_0019_0046_0046.jpg 1 42 19 46 46
0784_0025_0023_0067_0067.jpg 1 25 23 67 67
0785_0040_0046_0048_0048.jpg 1 40 46 48 48
0786_0006_0014_0058_0058.jpg 1 6 14 58 58
0787_0046_0041_0030_0030.jpg 1 46 41 30 30
0788_0035_0040_0055_0055.jpg 1 35 40 55 55
0789_0039_0054_0027_0027.jpg 1 39 54 27 27
0790_0023_0010_0054_0054.jpg 1 23 10 54 54
0791_0025_0011_0042_0042.jpg 1 25 11 42 42
0792_0045_0029_0032_0032.jpg 1 45 29 32 32
0793_0007_0037_0047_0047.jpg 1 7 37 47 47
0794_0010_0009_0058_0058.jpg 1 10 9 58 58
0795_0031_0006_0056_0056.jpg 1 31 6 56 56
0796_0032_0011_0048_0048.jpg 1 32 11 48 48
0797_0023_0028_0042_0042.jpg 1 23 28 42 42
0798_0032_0043_0041_0041.jpg 1 32 43 41 41
0799_0007_0028_0065_0065.jpg 1 7 28 65 65
0800_0037_0041_0046_0046.jpg 1 37 41 46 46
0801_0007_0023_0066_0066.jpg 1 7 23 66 66
0802_0009_0027_0054_0054.jpg 1 9 27 54 54
0803_0026_0040_0045_0045.jpg 1 26 40 45 45
0804_0025_0050_0038_0038.jpg 1 25 50 38 38
0805_0028_0048_0045_0045.jpg 1 28 48 45 45
0806_0039_0035_0038_0038.jpg 1 39 35 38 38
0807_0047_0008_0045_0045.jpg 1 47 8 45 45
0808_0039_0007_0052_0052.jpg 1 39 7 52 52
0809_0026_0030_0059_0059.jpg 1 26 30 59 59
0810_0035_0032_0035_0035.jpg 1 35 32 35 35
0811_0024_0034_0055_0055.jpg 1 24 34 55 55
0812_0043_0030_0029_0029.jpg 1 43 30 29 29
0813_0064_0038_0024_0024.jpg 1 64 38 24 24
0814_0028_0025_0033_0033.jpg 1 28 25 33 33
0815_0030_0030_0048_0048.jpg 1 30 30 48 48
0816_0005_0014_0053_0053.jpg 1 5 14 53 53
0817_0044_0022_0040_0040.jpg 1 44 22 40 40
0818_0048_0046_0026_0026.jpg 1 48 46 26 26
0819_0038_0015_0031_0031.jpg 1 38 15 31 31
0820_0018_0019_0031_0031.jpg 1 18 19 31 31
0821_0020_0027_0037_0037.jpg 1 20 27 37 37
0822_0037_0008_0057_0057.jpg 1 37 8 57 57
0823_0029_0013_0044_0044.jpg 1 29 13 44 44
0824_0036_0060_0031_0031.jpg 1 36 60 31 31
0825_0034_0030_0039_0039.jpg 1 34 30 39 39
0826_0023_0021_0067_0067.jpg 1 23 21 67 67
0827_0047_0062_0027_0027.jpg 1 47 62 27 27
0828_0013_0013_0048_0048.jpg 1 13 13 48 48
0829_0021_0034_0031_0031.jpg 1 21 34 31 31
0830_0038_0027_0056_0056.jpg 1 38 27 56 56
0831_0017_0005_0058_0058.jpg 1 17 5 58 58
0832_0043_0010_0033_0033.jpg 1 43 10 33 33
0833_0011_0058_0029_0029.jpg 1 11 58 29 29
0834_0020_0019_0055_0055.jpg 1 20 19 55 55
0835_0026_0006_0057_0057.jpg 1 26 6 57 57
0836_0025_0015_0049_0049.jpg 1 25 15 49 49
0837_0025_0015_0069_0069.jpg 1 25 15 69 69
0838_0039_0026_0045_0045.jpg 1 39 26 45 45
0839_0041_0037_0029_0029.jpg 1 41 37 29 29
0840_0011_0008_0055_0055.jpg 1 11 8 55 55
0841_0010_0010_0064_0064.jpg 1 10 10 64 64
0842_0003_0008_0069_0069.jpg 1 3 8 69 69
0843_0016_0020_0063_0063.jpg 1 16 20 63 63
0844_0035_0034_0046_0046.jpg 1 35 34 46 46
0845_0013_0024_0040_0040.jpg 1 13 24 40 40
0846_0024_0028_0057_0057.jpg 1 24 28 57 57
0847_0025_0044_0032_0032.jpg 1 25 44 32 32
0848_0023_0039_0053_0053.jpg 1 23 39 53 53
0849_0036_0022_0042_0042.jpg 1 36 22 42 42
0850_0015_0011_0057_0057.jpg 1 15 11 57 57
0851_0008_0037_0058_0058.jpg 1 8 37 58 58
0852_0054_0062_0025_0025.jpg 1 54 62 25 25
0853_0040_0053_0026_0026.jpg 1 40 53 26 26
0854_0006_0023_0051_0051.jpg 1 6 23 51 51
0855_0018_0019_0060_0060.jpg 1 18 19 60 60
0856_0032_0028_0060_0060.jpg 1 32 28 60 60
0857_0013_0022_0032_0032.jpg 1 13 22 32 32
0858_0028_0044_0029_0029.jpg 1 28 44 29 29
0859_0010_0029_0039_0039.jpg 1 10 29 39 39
0860_0018_0016_0059_0059.jpg 1 18 16 59 59
0861_0043_0041_0040_0040.jpg 1 43 41 40 40
0862_0023_0020_0054_0054.jpg 1 23 20 54 54
0863_0007_0012_0066_0066.jpg 1 7 12 66 66
0864_0036_0047_0030_0030.jpg 1 36 47 30 30
0865_0040_0037_0053_0053.jpg 1 40 37 53 53
0866_0053_0013_0035_0035.jpg 1 53 13 35 35
0867_0039_0014_0042_0042.jpg 1 39 14 42 42
0868_0027_0010_0026_0026.jpg 1 27 10 26 26
0869_0005_0007_0062_0062.jpg 1 5 7 62 62
0870_0028_0031_0062_0062.jpg 1 28 31 62 62
0871_0035_0026_0038_0038.jpg 1 35 26 38 38
0872_0023_0029_0053_0053.jpg 1 23 29 53 53
0873_0007_0035_0050_0050.jpg 1 7 35 50 50
0874_0029_0024_0063_0063.jpg 1 29 24 63 63
0875_0012_0031_0053_0053.jpg 1 12 31 53 53
0876_0021_0022_0051_0051.jpg 1 21 22 51 51
0877_0019_0026_0065_0065.jpg 1 19 26 65 65
0878_0014_0033_0048_0048.jpg 1 14 33 48 48
0879_0036_0017_0025_0025.jpg 1 36 17 25 25
0880_0032_0037_0057_0057.jpg 1 32 37 57 57
